<?xml version="1.0" encoding="UTF-8"?>
<testsuites>
  <testsuite name="Sales_test" file="/var/www/html/opensourcepos/application/tests/controllers/Sales_test.php" tests="1" assertions="1" errors="0" warnings="0" failures="1" skipped="0" time="0.060162">
    <testcase name="test_index" class="Sales_test" classname="Sales_test" file="/var/www/html/opensourcepos/application/tests/controllers/Sales_test.php" line="12" assertions="1" time="0.060162">
      <failure type="PHPUnit\Framework\ExpectationFailedException">Sales_test::test_index
Failed asserting that 'ble ble ble ble ble' contains "OSPOS".

/var/www/html/opensourcepos/application/tests/controllers/Sales_test.php:21
</failure>
      <system-out>string(19) "ble ble ble ble ble"
</system-out>
    </testcase>
  </testsuite>
</testsuites>
